<?xml version="1.0" encoding="UTF-8"?>
<!-- Generated by org.testng.reporters.JUnitReportReporter -->
<testsuite hostname="venkateswarlus-MacBook-Air.local" failures="0" tests="2" name="DemoPractice.Annotationdemo2" time="0.005" errors="0" timestamp="2023-09-15T21:49:27 IST" skipped="0">
  <testcase classname="DemoPractice.Annotationdemo2" name="test3" time="0.002"/>
  <testcase classname="DemoPractice.Annotationdemo2" name="test4" time="0.003"/>
</testsuite> <!-- DemoPractice.Annotationdemo2 -->
