<?xml version="1.0" encoding="UTF-8"?>
<!-- Generated by org.testng.reporters.JUnitReportReporter -->
<testsuite hostname="venkateswarlus-MacBook-Air.local" failures="0" tests="2" name="DemoPractice.parallelDemo" time="15.546" errors="0" timestamp="2023-09-26T20:49:12 IST" skipped="0">
  <testcase classname="DemoPractice.parallelDemo" name="loginPage" time="6.295"/>
  <testcase classname="DemoPractice.parallelDemo" name="loginPage" time="9.251"/>
</testsuite> <!-- DemoPractice.parallelDemo -->
