<?xml version="1.0" encoding="UTF-8"?>
<!-- Generated by org.testng.reporters.JUnitReportReporter -->
<testsuite hostname="venkateswarlus-MacBook-Air.local" failures="0" tests="1" name="DemoPractice.paraDemo" time="6.358" errors="0" timestamp="2023-09-26T10:36:50 IST" skipped="0">
  <testcase classname="DemoPractice.paraDemo" name="LaunchPage" time="6.358"/>
</testsuite> <!-- DemoPractice.paraDemo -->
