<?xml version="1.0" encoding="UTF-8"?>
<!-- Generated by org.testng.reporters.JUnitReportReporter -->
<testsuite hostname="venkateswarlus-MacBook-Air.local" failures="0" tests="2" name="DemoPractice.dataProviders" time="21.690" errors="0" timestamp="2023-09-26T09:59:11 IST" skipped="0">
  <testcase classname="DemoPractice.dataProviders" name="userDetails" time="17.804"/>
  <testcase classname="DemoPractice.dataProviders" name="userDetails" time="3.886"/>
</testsuite> <!-- DemoPractice.dataProviders -->
