<?xml version="1.0" encoding="UTF-8"?>
<!-- Generated by org.testng.reporters.JUnitReportReporter -->
<testsuite hostname="venkateswarlus-MacBook-Air.local" failures="0" tests="2" name="DemoPractice.DemoDataProviders" time="14.170" errors="0" timestamp="2023-09-26T20:24:42 IST" skipped="0">
  <testcase classname="DemoPractice.DemoDataProviders" name="userLogin" time="9.554"/>
  <testcase classname="DemoPractice.DemoDataProviders" name="userLogin" time="4.616"/>
</testsuite> <!-- DemoPractice.DemoDataProviders -->
