<?xml version="1.0" encoding="UTF-8"?>
<!-- Generated by org.testng.reporters.JUnitReportReporter -->
<testsuite hostname="venkateswarlus-MacBook-Air.local" failures="0" tests="3" name="DemoPractice.demopar" time="4.921" errors="0" timestamp="2023-09-19T14:10:45 IST" skipped="0">
  <testcase classname="DemoPractice.demopar" name="login" time="0.695"/>
  <testcase classname="DemoPractice.demopar" name="LaunchApp" time="0.432"/>
  <testcase classname="DemoPractice.demopar" name="InitialiseBrowser" time="3.794"/>
</testsuite> <!-- DemoPractice.demopar -->
