<?xml version="1.0" encoding="UTF-8"?>
<!-- Generated by org.testng.reporters.JUnitReportReporter -->
<testsuite hostname="venkateswarlus-MacBook-Air.local" failures="0" tests="3" name="DemoPractice.DemoParametrs" time="0.025" errors="0" timestamp="2023-09-19T11:18:44 IST" skipped="0">
  <testcase classname="DemoPractice.DemoParametrs" name="sub" time="0.003"/>
  <testcase classname="DemoPractice.DemoParametrs" name="add" time="0.019"/>
  <testcase classname="DemoPractice.DemoParametrs" name="companyName" time="0.003"/>
</testsuite> <!-- DemoPractice.DemoParametrs -->
