<?xml version="1.0" encoding="UTF-8"?>
<!-- Generated by org.testng.reporters.JUnitReportReporter -->
<testsuite hostname="venkateswarlus-MacBook-Air.local" failures="0" tests="1" name="SeptDemo.DemoTest" time="17.141" errors="0" timestamp="2023-09-13T21:15:33 IST" skipped="0">
  <testcase classname="SeptDemo.DemoTest" name="test1" time="17.141"/>
</testsuite> <!-- SeptDemo.DemoTest -->
