<?xml version="1.0" encoding="UTF-8"?>
<!-- Generated by org.testng.reporters.JUnitReportReporter -->
<testsuite hostname="venkateswarlus-MacBook-Air.local" failures="0" tests="2" name="SeptDemo.dd" time="21.269" errors="0" timestamp="2023-09-13T21:15:33 IST" skipped="0">
  <testcase classname="SeptDemo.dd" name="test1" time="11.517"/>
  <testcase classname="SeptDemo.dd" name="A2" time="9.752"/>
</testsuite> <!-- SeptDemo.dd -->
