<?xml version="1.0" encoding="UTF-8"?>
<!-- Generated by org.testng.reporters.JUnitReportReporter -->
<testsuite hostname="venkateswarlus-MacBook-Air.local" failures="0" tests="3" name="DemoPractice.DemoGroups" time="0.037" errors="0" timestamp="2023-09-25T20:47:19 IST" skipped="0">
  <testcase classname="DemoPractice.DemoGroups" name="CreditcardLoan" time="0.028"/>
  <testcase classname="DemoPractice.DemoGroups" name="HomeLoan" time="0.005"/>
  <testcase classname="DemoPractice.DemoGroups" name="PersonalLoan" time="0.004"/>
</testsuite> <!-- DemoPractice.DemoGroups -->
