<?xml version="1.0" encoding="UTF-8"?>
<!-- Generated by org.testng.reporters.JUnitReportReporter -->
<testsuite hostname="venkateswarlus-MacBook-Air.local" failures="0" tests="1" name="DemoPractice.ww" time="0.023" errors="0" timestamp="2023-09-12T16:46:33 IST" skipped="0">
  <testcase classname="DemoPractice.ww" name="dd" time="0.023"/>
</testsuite> <!-- DemoPractice.ww -->
