<?xml version="1.0" encoding="UTF-8"?>
<!-- Generated by org.testng.reporters.JUnitReportReporter -->
<testsuite hostname="venkateswarlus-MacBook-Air.local" failures="0" tests="2" name="DemoPractice.AnnotationsDemo" time="0.118" errors="0" timestamp="2023-11-02T20:46:54 IST" skipped="0">
  <testcase classname="DemoPractice.AnnotationsDemo" name="Test1" time="0.039"/>
  <testcase classname="DemoPractice.AnnotationsDemo" name="Test2" time="0.079"/>
</testsuite> <!-- DemoPractice.AnnotationsDemo -->
