<?xml version="1.0" encoding="UTF-8"?>
<!-- Generated by org.testng.reporters.JUnitReportReporter -->
<testsuite hostname="venkateswarlus-MacBook-Air.local" failures="0" tests="1" name="SeptDemo.AseertionsDemo2" time="0.032" errors="0" timestamp="2023-09-14T20:45:04 IST" skipped="0">
  <testcase classname="SeptDemo.AseertionsDemo2" name="verifyValues" time="0.032"/>
</testsuite> <!-- SeptDemo.AseertionsDemo2 -->
