<?xml version="1.0" encoding="UTF-8"?>
<!-- Generated by org.testng.reporters.JUnitReportReporter -->
<testsuite hostname="venkateswarlus-MacBook-Air.local" failures="0" tests="5" name="DemoPractice.DemoPriority" time="0.027" errors="0" timestamp="2023-09-21T20:23:53 IST" skipped="2">
  <testcase classname="DemoPractice.DemoPriority" name="fourthTest" time="0.016"/>
  <testcase classname="DemoPractice.DemoPriority" name="thirdTest" time="0.008"/>
  <testcase classname="DemoPractice.DemoPriority" name="secondTest" time="0.003"/>
  <testcase classname="DemoPractice.DemoPriority" name="fifthTest">
    <skipped/>
  </testcase> <!-- fifthTest -->
  <testcase classname="DemoPractice.DemoPriority" name="firstTest">
    <skipped/>
  </testcase> <!-- firstTest -->
</testsuite> <!-- DemoPractice.DemoPriority -->
