<?xml version="1.0" encoding="UTF-8"?>
<!-- Generated by org.testng.reporters.JUnitReportReporter -->
<testsuite hostname="venkateswarlus-MacBook-Air.local" failures="0" tests="3" name="DemoPractice.DependDemo" time="0.031" errors="0" timestamp="2023-09-22T20:03:58 IST" skipped="0">
  <testcase classname="DemoPractice.DependDemo" name="cancelShipment" time="0.002"/>
  <testcase classname="DemoPractice.DependDemo" name="trackShipment" time="0.007"/>
  <testcase classname="DemoPractice.DependDemo" name="createShipment" time="0.022"/>
</testsuite> <!-- DemoPractice.DependDemo -->
