<?xml version="1.0" encoding="UTF-8"?>
<!-- Generated by org.testng.reporters.JUnitReportReporter -->
<testsuite hostname="venkateswarlus-MacBook-Air.local" failures="0" tests="1" name="DemoPractice.DemoGropsDemo" time="0.005" errors="0" timestamp="2023-09-25T20:47:19 IST" skipped="0">
  <testcase classname="DemoPractice.DemoGropsDemo" name="MobileLoan" time="0.005"/>
</testsuite> <!-- DemoPractice.DemoGropsDemo -->
