<?xml version="1.0" encoding="UTF-8"?>
<!-- Generated by org.testng.reporters.JUnitReportReporter -->
<testsuite hostname="venkateswarlus-MacBook-Air.local" failures="0" tests="6" name="DemoPractice.ParallelDem" time="0.065" errors="0" timestamp="2023-09-26T20:49:12 IST" skipped="0">
  <testcase classname="DemoPractice.ParallelDem" name="test2" time="0.032"/>
  <testcase classname="DemoPractice.ParallelDem" name="test3" time="0.002"/>
  <testcase classname="DemoPractice.ParallelDem" name="test1" time="0.021"/>
  <testcase classname="DemoPractice.ParallelDem" name="test2" time="0.007"/>
  <testcase classname="DemoPractice.ParallelDem" name="test1" time="0.002"/>
  <testcase classname="DemoPractice.ParallelDem" name="test3" time="0.001"/>
</testsuite> <!-- DemoPractice.ParallelDem -->
