<?xml version="1.0" encoding="UTF-8"?>
<!-- Generated by org.testng.reporters.JUnitReportReporter -->
<testsuite hostname="venkateswarlus-MacBook-Air.local" failures="0" tests="4" name="DemoPractice.DemoParamerterss" time="17.293" errors="0" timestamp="2023-09-20T19:29:01 IST" skipped="0">
  <testcase classname="DemoPractice.DemoParamerterss" name="cityname" time="0.008"/>
  <testcase classname="DemoPractice.DemoParamerterss" name="Launchurl" time="8.983"/>
  <testcase classname="DemoPractice.DemoParamerterss" name="InitialBrowser" time="8.284"/>
  <testcase classname="DemoPractice.DemoParamerterss" name="add" time="0.018"/>
</testsuite> <!-- DemoPractice.DemoParamerterss -->
