<?xml version="1.0" encoding="UTF-8"?>
<!-- Generated by org.testng.reporters.JUnitReportReporter -->
<testsuite hostname="venkateswarlus-MacBook-Air.local" failures="0" tests="1" name="DemoPractice.parametersDemos" time="7.136" errors="0" timestamp="2023-09-20T20:02:27 IST" skipped="0">
  <testcase classname="DemoPractice.parametersDemos" name="login" time="7.136"/>
</testsuite> <!-- DemoPractice.parametersDemos -->
