<?xml version="1.0" encoding="UTF-8"?>
<!-- Generated by org.testng.reporters.JUnitReportReporter -->
<testsuite hostname="venkateswarlus-MacBook-Air.local" failures="0" tests="1" name="DemoPractice.screenshotsss" time="7.667" errors="0" timestamp="2023-09-26T16:38:00 IST" skipped="0">
  <testcase classname="DemoPractice.screenshotsss" name="takeScrrenShots" time="7.667"/>
</testsuite> <!-- DemoPractice.screenshotsss -->
