<?xml version="1.0" encoding="UTF-8"?>
<!-- Generated by org.testng.reporters.JUnitReportReporter -->
<testsuite hostname="venkateswarlus-MacBook-Air.local" failures="0" tests="1" name="DemoPractice.DemoParameterSearch" time="8.619" errors="0" timestamp="2023-09-19T11:31:23 IST" skipped="0">
  <testcase classname="DemoPractice.DemoParameterSearch" name="googleSearch" time="8.619"/>
</testsuite> <!-- DemoPractice.DemoParameterSearch -->
