<?xml version="1.0" encoding="UTF-8"?>
<!-- Generated by org.testng.reporters.JUnitReportReporter -->
<testsuite hostname="venkateswarlus-MacBook-Air.local" failures="0" tests="2" name="DemoPractice.AnnitationsDemos" time="1.572" errors="0" timestamp="2023-09-19T19:22:00 IST" skipped="0">
  <testcase classname="DemoPractice.AnnitationsDemos" name="EnterLoginDetails" time="0.928"/>
  <testcase classname="DemoPractice.AnnitationsDemos" name="LaunchApp" time="0.644"/>
</testsuite> <!-- DemoPractice.AnnitationsDemos -->
